<?xml version="1.0" encoding="UTF-8"?>
<testng-results ignored="0" total="1" passed="1" failed="0" skipped="0">
  <reporter-output>
  </reporter-output>
  <suite started-at="2024-05-20T12:56:48 IST" name="Default suite" finished-at="2024-05-20T12:56:50 IST" duration-ms="1607">
    <groups>
    </groups>
    <test started-at="2024-05-20T12:56:48 IST" name="Default test" finished-at="2024-05-20T12:56:50 IST" duration-ms="1607">
      <class name="com.test.iipsrv_api.apollo2_iipsrv_api">
        <test-method signature="iipsrv()[pri:1, instance:com.test.iipsrv_api.apollo2_iipsrv_api@7d4f9aae]" started-at="2024-05-20T12:56:48 IST" name="iipsrv" finished-at="2024-05-20T12:56:50 IST" duration-ms="1584" status="PASS">
          <reporter-output>
          </reporter-output>
        </test-method> <!-- iipsrv -->
      </class> <!-- com.test.iipsrv_api.apollo2_iipsrv_api -->
    </test> <!-- Default test -->
  </suite> <!-- Default suite -->
</testng-results>
